<?xml version="1.0" encoding="UTF-8"?>
<testng-results ignored="0" total="1" passed="1" failed="0" skipped="0">
  <reporter-output>
  </reporter-output>
  <suite started-at="2022-09-19T20:41:43 IST" name="Default suite" finished-at="2022-09-19T20:41:43 IST" duration-ms="61">
    <groups>
    </groups>
    <test started-at="2022-09-19T20:41:43 IST" name="Default test" finished-at="2022-09-19T20:41:43 IST" duration-ms="61">
      <class name="vtiger.practice.GitCommit">
        <test-method signature="myFirstComit()[pri:0, instance:vtiger.practice.GitCommit@6a370f4]" started-at="2022-09-19T20:41:43 IST" name="myFirstComit" finished-at="2022-09-19T20:41:43 IST" duration-ms="13" status="PASS">
          <reporter-output>
          </reporter-output>
        </test-method> <!-- myFirstComit -->
      </class> <!-- vtiger.practice.GitCommit -->
    </test> <!-- Default test -->
  </suite> <!-- Default suite -->
</testng-results>
